2024-08-19 09:43:18 [ERROR] o.s.b.d.LoggingFailureAnalysisReporter - 

***************************
APPLICATION FAILED TO START
***************************

Description:

Field rq in com.example.demo.controller.UsrArticleController required a bean of type 'com.example.demo.vo.Rq' that could not be found.

The injection point has the following annotations:
	- @org.springframework.beans.factory.annotation.Autowired(required=true)


Action:

Consider defining a bean of type 'com.example.demo.vo.Rq' in your configuration.

2024-08-19 09:43:56 [ERROR] o.s.b.d.LoggingFailureAnalysisReporter - 

***************************
APPLICATION FAILED TO START
***************************

Description:

Field rq in com.example.demo.controller.UsrArticleController required a bean of type 'com.example.demo.vo.Rq' that could not be found.

The injection point has the following annotations:
	- @org.springframework.beans.factory.annotation.Autowired(required=true)


Action:

Consider defining a bean of type 'com.example.demo.vo.Rq' in your configuration.

2024-08-19 09:44:30 [ERROR] o.s.b.d.LoggingFailureAnalysisReporter - 

***************************
APPLICATION FAILED TO START
***************************

Description:

Field rq in com.example.demo.controller.UsrArticleController required a bean of type 'com.example.demo.vo.Rq' that could not be found.

The injection point has the following annotations:
	- @org.springframework.beans.factory.annotation.Autowired(required=true)


Action:

Consider defining a bean of type 'com.example.demo.vo.Rq' in your configuration.

2024-08-19 09:44:48 [ERROR] o.s.b.d.LoggingFailureAnalysisReporter - 

***************************
APPLICATION FAILED TO START
***************************

Description:

Field rq in com.example.demo.controller.UsrArticleController required a bean of type 'com.example.demo.vo.Rq' that could not be found.

The injection point has the following annotations:
	- @org.springframework.beans.factory.annotation.Autowired(required=true)


Action:

Consider defining a bean of type 'com.example.demo.vo.Rq' in your configuration.

2024-08-19 09:45:21 [ERROR] o.s.b.d.LoggingFailureAnalysisReporter - 

***************************
APPLICATION FAILED TO START
***************************

Description:

Field rq in com.example.demo.controller.UsrArticleController required a bean of type 'com.example.demo.vo.Rq' that could not be found.

The injection point has the following annotations:
	- @org.springframework.beans.factory.annotation.Autowired(required=true)


Action:

Consider defining a bean of type 'com.example.demo.vo.Rq' in your configuration.

2024-08-19 09:45:30 [ERROR] o.s.b.d.LoggingFailureAnalysisReporter - 

***************************
APPLICATION FAILED TO START
***************************

Description:

Field rq in com.example.demo.controller.UsrArticleController required a bean of type 'com.example.demo.vo.Rq' that could not be found.

The injection point has the following annotations:
	- @org.springframework.beans.factory.annotation.Autowired(required=true)


Action:

Consider defining a bean of type 'com.example.demo.vo.Rq' in your configuration.

2024-08-19 09:45:40 [ERROR] o.s.b.d.LoggingFailureAnalysisReporter - 

***************************
APPLICATION FAILED TO START
***************************

Description:

Field rq in com.example.demo.controller.UsrArticleController required a bean of type 'com.example.demo.vo.Rq' that could not be found.

The injection point has the following annotations:
	- @org.springframework.beans.factory.annotation.Autowired(required=true)


Action:

Consider defining a bean of type 'com.example.demo.vo.Rq' in your configuration.

2024-08-19 09:46:05 [ERROR] o.s.b.d.LoggingFailureAnalysisReporter - 

***************************
APPLICATION FAILED TO START
***************************

Description:

Field rq in com.example.demo.controller.UsrArticleController required a bean of type 'com.example.demo.vo.Rq' that could not be found.

The injection point has the following annotations:
	- @org.springframework.beans.factory.annotation.Autowired(required=true)


Action:

Consider defining a bean of type 'com.example.demo.vo.Rq' in your configuration.

2024-08-19 09:46:29 [ERROR] o.s.b.d.LoggingFailureAnalysisReporter - 

***************************
APPLICATION FAILED TO START
***************************

Description:

Field rq in com.example.demo.controller.UsrArticleController required a bean of type 'com.example.demo.vo.Rq' that could not be found.

The injection point has the following annotations:
	- @org.springframework.beans.factory.annotation.Autowired(required=true)


Action:

Consider defining a bean of type 'com.example.demo.vo.Rq' in your configuration.

